# JRE version: 7.0_25-b17
# Java VM: Java HotSpot(TM) 64-Bit Server VM (23.25-b01 mixed mode windows-amd64 compressed oops)
Heap
 PSYoungGen      total 37632K, used 9664K [0x00000007d6000000, 0x00000007d8a00000, 0x0000000800000000)
  eden space 32256K, 13% used [0x00000007d6000000,0x00000007d64465a8,0x00000007d7f80000)
  from space 5376K, 98% used [0x00000007d84c0000,0x00000007d89e9ab0,0x00000007d8a00000)
  to   space 5376K, 0% used [0x00000007d7f80000,0x00000007d7f80000,0x00000007d84c0000)
 ParOldGen       total 86016K, used 3326K [0x0000000782000000, 0x0000000787400000, 0x00000007d6000000)
  object space 86016K, 3% used [0x0000000782000000,0x000000078233f918,0x0000000787400000)
 PSPermGen       total 21248K, used 5156K [0x000000077ce00000, 0x000000077e2c0000, 0x0000000782000000)
  object space 21248K, 24% used [0x000000077ce00000,0x000000077d309380,0x000000077e2c0000)
GC Heap History (4 events):
Event: 6.419 GC heap before
{Heap before GC invocations=1 (full 0):
 PSYoungGen      total 37632K, used 32256K [0x00000007d6000000, 0x00000007d8a00000, 0x0000000800000000)
  eden space 32256K, 100% used [0x00000007d6000000,0x00000007d7f80000,0x00000007d7f80000)
  from space 5376K, 0% used [0x00000007d84c0000,0x00000007d84c0000,0x00000007d8a00000)
  to   space 5376K, 0% used [0x00000007d7f80000,0x00000007d7f80000,0x00000007d84c0000)
 ParOldGen       total 86016K, used 0K [0x0000000782000000, 0x0000000787400000, 0x00000007d6000000)
  object space 86016K, 0% used [0x0000000782000000,0x0000000782000000,0x0000000787400000)
 PSPermGen       total 21248K, used 5092K [0x000000077ce00000, 0x000000077e2c0000, 0x0000000782000000)
  object space 21248K, 23% used [0x000000077ce00000,0x000000077d2f92d0,0x000000077e2c0000)
Event: 6.434 GC heap after
Heap after GC invocations=1 (full 0):
 PSYoungGen      total 37632K, used 5372K [0x00000007d6000000, 0x00000007d8a00000, 0x0000000800000000)
  eden space 32256K, 0% used [0x00000007d6000000,0x00000007d6000000,0x00000007d7f80000)
  from space 5376K, 99% used [0x00000007d7f80000,0x00000007d84bf158,0x00000007d84c0000)
  to   space 5376K, 0% used [0x00000007d84c0000,0x00000007d84c0000,0x00000007d8a00000)
 ParOldGen       total 86016K, used 3326K [0x0000000782000000, 0x0000000787400000, 0x00000007d6000000)
  object space 86016K, 3% used [0x0000000782000000,0x000000078233f918,0x0000000787400000)
 PSPermGen       total 21248K, used 5092K [0x000000077ce00000, 0x000000077e2c0000, 0x0000000782000000)
  object space 21248K, 23% used [0x000000077ce00000,0x000000077d2f92d0,0x000000077e2c0000)
}
Event: 14.566 GC heap before
{Heap before GC invocations=2 (full 0):
 PSYoungGen      total 37632K, used 35466K [0x00000007d6000000, 0x00000007d8a00000, 0x0000000800000000)
  eden space 32256K, 93% used [0x00000007d6000000,0x00000007d7d63960,0x00000007d7f80000)
  from space 5376K, 99% used [0x00000007d7f80000,0x00000007d84bf158,0x00000007d84c0000)
  to   space 5376K, 0% used [0x00000007d84c0000,0x00000007d84c0000,0x00000007d8a00000)
 ParOldGen       total 86016K, used 3326K [0x0000000782000000, 0x0000000787400000, 0x00000007d6000000)
  object space 86016K, 3% used [0x0000000782000000,0x000000078233f918,0x0000000787400000)
 PSPermGen       total 21248K, used 5156K [0x000000077ce00000, 0x000000077e2c0000, 0x0000000782000000)
  object space 21248K, 24% used [0x000000077ce00000,0x000000077d309380,0x000000077e2c0000)
Event: 14.573 GC heap after
Heap after GC invocations=2 (full 0):
 PSYoungGen      total 37632K, used 5286K [0x00000007d6000000, 0x00000007d8a00000, 0x0000000800000000)
  eden space 32256K, 0% used [0x00000007d6000000,0x00000007d6000000,0x00000007d7f80000)
  from space 5376K, 98% used [0x00000007d84c0000,0x00000007d89e9ab0,0x00000007d8a00000)
  to   space 5376K, 0% used [0x00000007d7f80000,0x00000007d7f80000,0x00000007d84c0000)
 ParOldGen       total 86016K, used 3326K [0x0000000782000000, 0x0000000787400000, 0x00000007d6000000)
  object space 86016K, 3% used [0x0000000782000000,0x000000078233f918,0x0000000787400000)
 PSPermGen       total 21248K, used 5156K [0x000000077ce00000, 0x000000077e2c0000, 0x0000000782000000)
  object space 21248K, 24% used [0x000000077ce00000,0x000000077d309380,0x000000077e2c0000)
}

